<?xml version="1.0" encoding="UTF-8"?>
<!-- Generated by org.testng.reporters.JUnitReportReporter -->
<testsuite hostname="DESKTOP-AM0Q8B9" name="com.leduka.TestNgGroupDemo" tests="3" failures="0" timestamp="18 Dec 2019 07:44:48 GMT" time="0.048" errors="0">
  <testcase name="test2" time="0.016" classname="com.leduka.TestNgGroupDemo"/>
  <testcase name="test3" time="0.012" classname="com.leduka.TestNgGroupDemo"/>
  <testcase name="test1" time="0.020" classname="com.leduka.TestNgGroupDemo"/>
</testsuite> <!-- com.leduka.TestNgGroupDemo -->
