<?xml version="1.0" encoding="UTF-8"?>
<!-- Generated by org.testng.reporters.JUnitReportReporter -->
<testsuite skipped="0" hostname="DESKTOP-AM0Q8B9" name="ledukaFramework.ledu.DataDrivenPractice" tests="1" failures="0" timestamp="26 Dec 2019 16:44:00 GMT" time="1.036" errors="0">
  <testcase name="datadriven" time="1.036" classname="ledukaFramework.ledu.DataDrivenPractice"/>
</testsuite> <!-- ledukaFramework.ledu.DataDrivenPractice -->
